Build started 11/9/2014 9:03:08 AM.
     1>Project "C:\Users\Simon\Desktop\Homework 3 SPACE INVADERS\NYUCodebase\NYUCodebase.vcxproj" on node 2 (Build target(s)).
     1>ClCompile:
         C:\Program Files (x86)\Microsoft Visual Studio 12.0\VC\bin\CL.exe /c /IC:\SDL2\include /IC:\SDL2_image\include /ZI /nologo /W3 /WX- /sdl /Od /Oy- /D _MBCS /D _MBCS /Gm /EHsc /RTC1 /MDd /GS /fp:precise /Zc:wchar_t /Zc:forScope /Fo"Debug\\" /Fd"Debug\vc120.pdb" /Gd /TP /analyze- /errorReport:prompt main.cpp
         main.cpp
     1>c:\users\simon\desktop\homework 3 space invaders\nyucodebase\appdelegate.h(142): warning C4305: 'argument' : truncation from 'double' to 'GLclampf'
     1>c:\users\simon\desktop\homework 3 space invaders\nyucodebase\appdelegate.h(156): warning C4305: 'argument' : truncation from 'double' to 'float'
     1>c:\users\simon\desktop\homework 3 space invaders\nyucodebase\appdelegate.h(160): warning C4244: 'initializing' : conversion from 'double' to 'float', possible loss of data
     1>c:\users\simon\desktop\homework 3 space invaders\nyucodebase\appdelegate.h(161): warning C4244: 'initializing' : conversion from 'double' to 'float', possible loss of data
     1>c:\users\simon\desktop\homework 3 space invaders\nyucodebase\appdelegate.h(303): warning C4305: 'argument' : truncation from 'double' to 'float'
     1>c:\users\simon\desktop\homework 3 space invaders\nyucodebase\appdelegate.h(313): warning C4305: 'argument' : truncation from 'double' to 'float'
     1>c:\users\simon\desktop\homework 3 space invaders\nyucodebase\appdelegate.h(342): warning C4305: '-=' : truncation from 'double' to 'float'
     1>c:\users\simon\desktop\homework 3 space invaders\nyucodebase\appdelegate.h(353): warning C4305: '-=' : truncation from 'double' to 'float'
     1>c:\users\simon\desktop\homework 3 space invaders\nyucodebase\appdelegate.h(359): warning C4244: 'initializing' : conversion from 'int' to 'float', possible loss of data
     1>c:\users\simon\desktop\homework 3 space invaders\nyucodebase\appdelegate.h(362): warning C4305: 'argument' : truncation from 'double' to 'float'
       Link:
         C:\Program Files (x86)\Microsoft Visual Studio 12.0\VC\bin\link.exe /ERRORREPORT:PROMPT /OUT:"C:\Users\Simon\Desktop\Homework 3 SPACE INVADERS\Debug\NYUCodebase.exe" /INCREMENTAL /NOLOGO /LIBPATH:C:\SDL2\lib\x86 /LIBPATH:C:\SDL2_image\lib\x86 SDL2.lib SDL2main.lib SDL2_image.lib OpenGL32.lib /MANIFEST /MANIFESTUAC:"level='asInvoker' uiAccess='false'" /manifest:embed /DEBUG /PDB:"C:\Users\Simon\Desktop\Homework 3 SPACE INVADERS\Debug\NYUCodebase.pdb" /SUBSYSTEM:WINDOWS /TLBID:1 /DYNAMICBASE /NXCOMPAT /IMPLIB:"C:\Users\Simon\Desktop\Homework 3 SPACE INVADERS\Debug\NYUCodebase.lib" /MACHINE:X86 Debug\main.obj
         NYUCodebase.vcxproj -> C:\Users\Simon\Desktop\Homework 3 SPACE INVADERS\Debug\NYUCodebase.exe
     1>Done Building Project "C:\Users\Simon\Desktop\Homework 3 SPACE INVADERS\NYUCodebase\NYUCodebase.vcxproj" (Build target(s)).

Build succeeded.

Time Elapsed 00:00:02.34
